<?xml version="1.0" encoding="UTF-8"?>
<testsuite name="FactorialTest" tests="4" skipped="0" failures="0" errors="0" timestamp="2022-07-03T14:31:47" hostname="LAPTOP-IQMGO10R" time="0.101">
  <properties/>
  <testcase name="factorialIs6WhenNisEqualto3()" classname="FactorialTest" time="0.07"/>
  <testcase name="name()" classname="FactorialTest" time="0.011"/>
  <testcase name="factorialIs1WhenNisEqualto1()" classname="FactorialTest" time="0.005"/>
  <testcase name="factorialIs40320WhenNisEqualto8()" classname="FactorialTest" time="0.003"/>
  <system-out><![CDATA[]]></system-out>
  <system-err><![CDATA[]]></system-err>
</testsuite>
